<?xml version="1.0" encoding="UTF-8"?>
<coverage generated="1655224289184" clover="3.2.0">
  <project timestamp="1655224289184" name="All files">
    <metrics statements="23" coveredstatements="23" conditionals="5" coveredconditionals="5" methods="4" coveredmethods="4" elements="32" coveredelements="32" complexity="0" loc="23" ncloc="23" packages="1" files="1" classes="1"/>
    <file name="helpers.ts" path="/Users/buraksaraloglu/interview/email-guesser/be/src/utils/helpers.ts">
      <metrics statements="23" coveredstatements="23" conditionals="5" coveredconditionals="5" methods="4" coveredmethods="4"/>
      <line num="1" count="2" type="stmt"/>
      <line num="2" count="9" type="stmt"/>
      <line num="3" count="9" type="stmt"/>
      <line num="6" count="2" type="stmt"/>
      <line num="7" count="9" type="cond" truecount="1" falsecount="0"/>
      <line num="8" count="3" type="stmt"/>
      <line num="11" count="6" type="stmt"/>
      <line num="12" count="6" type="stmt"/>
      <line num="13" count="6" type="stmt"/>
      <line num="14" count="6" type="stmt"/>
      <line num="16" count="6" type="stmt"/>
      <line num="19" count="2" type="stmt"/>
      <line num="20" count="5" type="stmt"/>
      <line num="21" count="5" type="stmt"/>
      <line num="24" count="2" type="stmt"/>
      <line num="25" count="5" type="cond" truecount="1" falsecount="0"/>
      <line num="26" count="1" type="stmt"/>
      <line num="29" count="4" type="stmt"/>
      <line num="32" count="4" type="stmt"/>
      <line num="33" count="4" type="stmt"/>
      <line num="35" count="4" type="cond" truecount="3" falsecount="0"/>
      <line num="36" count="1" type="stmt"/>
      <line num="39" count="3" type="stmt"/>
    </file>
  </project>
</coverage>
