{
  "/Users/buraksaraloglu/interview/email-guesser/be/src/utils/helpers.ts": {
    "path": "/Users/buraksaraloglu/interview/email-guesser/be/src/utils/helpers.ts",
    "statementMap": {
      "0": { "start": { "line": 1, "column": 26 }, "end": { "line": 4, "column": 1 } },
      "1": { "start": { "line": 2, "column": 16 }, "end": { "line": 2, "column": 135 } },
      "2": { "start": { "line": 3, "column": 2 }, "end": { "line": 3, "column": 25 } },
      "3": { "start": { "line": 1, "column": 13 }, "end": { "line": 1, "column": 26 } },
      "4": { "start": { "line": 6, "column": 24 }, "end": { "line": 17, "column": 1 } },
      "5": { "start": { "line": 7, "column": 2 }, "end": { "line": 9, "column": null } },
      "6": { "start": { "line": 8, "column": 4 }, "end": { "line": 8, "column": 14 } },
      "7": { "start": { "line": 11, "column": 29 }, "end": { "line": 11, "column": 60 } },
      "8": { "start": { "line": 12, "column": 24 }, "end": { "line": 12, "column": 64 } },
      "9": { "start": { "line": 13, "column": 33 }, "end": { "line": 13, "column": 60 } },
      "10": { "start": { "line": 14, "column": 17 }, "end": { "line": 14, "column": 53 } },
      "11": { "start": { "line": 16, "column": 2 }, "end": { "line": 16, "column": 16 } },
      "12": { "start": { "line": 6, "column": 13 }, "end": { "line": 6, "column": 24 } },
      "13": { "start": { "line": 19, "column": 24 }, "end": { "line": 22, "column": 1 } },
      "14": { "start": { "line": 20, "column": 16 }, "end": { "line": 20, "column": 30 } },
      "15": { "start": { "line": 21, "column": 2 }, "end": { "line": 21, "column": 30 } },
      "16": { "start": { "line": 24, "column": 35 }, "end": { "line": 40, "column": 1 } },
      "17": { "start": { "line": 25, "column": 2 }, "end": { "line": 27, "column": null } },
      "18": { "start": { "line": 26, "column": 4 }, "end": { "line": 26, "column": 16 } },
      "19": { "start": { "line": 29, "column": 24 }, "end": { "line": 29, "column": 60 } },
      "20": { "start": { "line": 32, "column": 31 }, "end": { "line": 32, "column": 55 } },
      "21": { "start": { "line": 33, "column": 19 }, "end": { "line": 33, "column": 40 } },
      "22": { "start": { "line": 35, "column": 2 }, "end": { "line": 37, "column": null } },
      "23": { "start": { "line": 36, "column": 4 }, "end": { "line": 36, "column": 16 } },
      "24": { "start": { "line": 39, "column": 2 }, "end": { "line": 39, "column": 31 } },
      "25": { "start": { "line": 24, "column": 13 }, "end": { "line": 24, "column": 35 } }
    },
    "fnMap": {
      "0": {
        "name": "(anonymous_0)",
        "decl": { "start": { "line": 1, "column": 26 }, "end": { "line": 1, "column": 27 } },
        "loc": { "start": { "line": 1, "column": 42 }, "end": { "line": 4, "column": 1 } }
      },
      "1": {
        "name": "(anonymous_1)",
        "decl": { "start": { "line": 6, "column": 24 }, "end": { "line": 6, "column": 25 } },
        "loc": { "start": { "line": 6, "column": 48 }, "end": { "line": 17, "column": 1 } }
      },
      "2": {
        "name": "(anonymous_2)",
        "decl": { "start": { "line": 19, "column": 24 }, "end": { "line": 19, "column": 25 } },
        "loc": { "start": { "line": 19, "column": 54 }, "end": { "line": 22, "column": 1 } }
      },
      "3": {
        "name": "(anonymous_3)",
        "decl": { "start": { "line": 24, "column": 35 }, "end": { "line": 24, "column": 36 } },
        "loc": { "start": { "line": 24, "column": 73 }, "end": { "line": 40, "column": 1 } }
      }
    },
    "branchMap": {
      "0": {
        "loc": { "start": { "line": 7, "column": 2 }, "end": { "line": 9, "column": null } },
        "type": "if",
        "locations": [{ "start": { "line": 7, "column": 2 }, "end": { "line": 9, "column": null } }]
      },
      "1": {
        "loc": { "start": { "line": 25, "column": 2 }, "end": { "line": 27, "column": null } },
        "type": "if",
        "locations": [
          { "start": { "line": 25, "column": 2 }, "end": { "line": 27, "column": null } }
        ]
      },
      "2": {
        "loc": { "start": { "line": 35, "column": 2 }, "end": { "line": 37, "column": null } },
        "type": "if",
        "locations": [
          { "start": { "line": 35, "column": 2 }, "end": { "line": 37, "column": null } }
        ]
      },
      "3": {
        "loc": { "start": { "line": 35, "column": 6 }, "end": { "line": 35, "column": 29 } },
        "type": "binary-expr",
        "locations": [
          { "start": { "line": 35, "column": 6 }, "end": { "line": 35, "column": 16 } },
          { "start": { "line": 35, "column": 20 }, "end": { "line": 35, "column": 29 } }
        ]
      }
    },
    "s": {
      "0": 2,
      "1": 9,
      "2": 9,
      "3": 2,
      "4": 2,
      "5": 9,
      "6": 3,
      "7": 6,
      "8": 6,
      "9": 6,
      "10": 6,
      "11": 6,
      "12": 2,
      "13": 2,
      "14": 5,
      "15": 5,
      "16": 2,
      "17": 5,
      "18": 1,
      "19": 4,
      "20": 4,
      "21": 4,
      "22": 4,
      "23": 1,
      "24": 3,
      "25": 2
    },
    "f": { "0": 9, "1": 9, "2": 5, "3": 5 },
    "b": { "0": [3], "1": [1], "2": [1], "3": [4, 4] }
  }
}
